<?xml version="1.0" encoding="UTF-8"?>
<!-- Generated by org.testng.reporters.JUnitXMLReporter -->
<testsuite hostname="PC" ignored="0" name="Default test" tests="4" failures="0" timestamp="05 Jun 2023 05:54:11 GMT" time="64.087" errors="0">
  <testcase name="loginPageTitleTest" time="0.082" classname="com.crm.qa.testcases.LoginPageTest"/>
  <testcase name="LogoTest" time="0.832" classname="com.crm.qa.testcases.LoginPageTest"/>
  <testcase name="LoginLinkTest" time="0.936" classname="com.crm.qa.testcases.LoginPageTest"/>
  <testcase name="LoginTest" time="4.333" classname="com.crm.qa.testcases.LoginPageTest"/>
</testsuite> <!-- Default test -->
