<?xml version="1.0" encoding="UTF-8"?>
<!-- Generated by org.testng.reporters.JUnitXMLReporter -->
<testsuite hostname="PC" ignored="0" name="Test" tests="16" failures="0" timestamp="28 May 2023 09:15:44 GMT" time="251.678" errors="0">
  <testcase name="HomepageTitleTest" time="0.064" classname="com.crm.qa.testcases.HomepageTest"/>
  <testcase name="EditAccountPageTitleTest" time="0.032" classname="com.crm.qa.testcases.EditAccountPageTest"/>
  <testcase name="loginPageTitleTest" time="0.024" classname="com.crm.qa.testcases.LoginPageTest"/>
  <testcase name="validateHomepageLogoTest" time="0.366" classname="com.crm.qa.testcases.HomepageTest"/>
  <testcase name="validateEditAccountPageTest" time="0.258" classname="com.crm.qa.testcases.EditAccountPageTest"/>
  <testcase name="LogoTest" time="0.244" classname="com.crm.qa.testcases.LoginPageTest"/>
  <testcase name="EditAccountClickTest" time="1.743" classname="com.crm.qa.testcases.HomepageTest"/>
  <testcase name="validateFirstNameTest" time="0.136" classname="com.crm.qa.testcases.EditAccountPageTest"/>
  <testcase name="LoginLinkTest" time="1.096" classname="com.crm.qa.testcases.LoginPageTest"/>
  <testcase name="homepageTest" time="0.82" classname="com.crm.qa.testcases.HomepageTest"/>
  <testcase name="validateLastNameTest" time="0.127" classname="com.crm.qa.testcases.EditAccountPageTest"/>
  <testcase name="LoginTest" time="4.211" classname="com.crm.qa.testcases.LoginPageTest"/>
  <testcase name="vvalidateEMailTest" time="0.136" classname="com.crm.qa.testcases.EditAccountPageTest"/>
  <testcase name="validateTelephoneTest" time="0.15" classname="com.crm.qa.testcases.EditAccountPageTest"/>
  <testcase name="validateclickBackBtnTest" time="0.839" classname="com.crm.qa.testcases.EditAccountPageTest"/>
  <testcase name="validateclickContinueBtnTest" time="1.314" classname="com.crm.qa.testcases.EditAccountPageTest"/>
</testsuite> <!-- Test -->
