<?xml version="1.0" encoding="UTF-8"?>
<!-- Generated by org.testng.reporters.JUnitXMLReporter -->
<testsuite hostname="PC" ignored="0" name="OpenKart Application Test" tests="16" failures="0" timestamp="05 Jun 2023 05:59:14 GMT" time="259.03" errors="0">
  <testcase name="HomepageTitleTest" time="0.038" classname="com.crm.qa.testcases.HomepageTest"/>
  <testcase name="EditAccountPageTitleTest" time="0.019" classname="com.crm.qa.testcases.EditAccountPageTest"/>
  <testcase name="loginPageTitleTest" time="0.021" classname="com.crm.qa.testcases.LoginPageTest"/>
  <testcase name="validateHomepageLogoTest" time="0.246" classname="com.crm.qa.testcases.HomepageTest"/>
  <testcase name="validateEditAccountPageTest" time="0.26" classname="com.crm.qa.testcases.EditAccountPageTest"/>
  <testcase name="LogoTest" time="0.255" classname="com.crm.qa.testcases.LoginPageTest"/>
  <testcase name="EditAccountClickTest" time="1.2" classname="com.crm.qa.testcases.HomepageTest"/>
  <testcase name="validateFirstNameTest" time="0.154" classname="com.crm.qa.testcases.EditAccountPageTest"/>
  <testcase name="LoginLinkTest" time="1.302" classname="com.crm.qa.testcases.LoginPageTest"/>
  <testcase name="homepageTest" time="0.917" classname="com.crm.qa.testcases.HomepageTest"/>
  <testcase name="validateLastNameTest" time="0.186" classname="com.crm.qa.testcases.EditAccountPageTest"/>
  <testcase name="LoginTest" time="4.789" classname="com.crm.qa.testcases.LoginPageTest"/>
  <testcase name="vvalidateEMailTest" time="0.129" classname="com.crm.qa.testcases.EditAccountPageTest"/>
  <testcase name="validateTelephoneTest" time="0.128" classname="com.crm.qa.testcases.EditAccountPageTest"/>
  <testcase name="validateclickBackBtnTest" time="0.834" classname="com.crm.qa.testcases.EditAccountPageTest"/>
  <testcase name="validateclickContinueBtnTest" time="1.251" classname="com.crm.qa.testcases.EditAccountPageTest"/>
</testsuite> <!-- OpenKart Application Test -->
