<?xml version="1.0" encoding="UTF-8"?>
<testng-results skipped="0" failed="0" ignored="0" total="16" passed="16">
  <reporter-output>
  </reporter-output>
  <suite name="Free OpenKart Application Automation Test" duration-ms="259030" started-at="2023-06-05T05:54:54Z" finished-at="2023-06-05T05:59:14Z">
    <groups>
    </groups>
    <test name="OpenKart Application Test" duration-ms="259030" started-at="2023-06-05T05:54:54Z" finished-at="2023-06-05T05:59:14Z">
      <class name="com.crm.qa.testcases.LoginPageTest">
        <test-method status="PASS" signature="setup()[pri:0, instance:com.crm.qa.testcases.LoginPageTest@14bf9759]" name="setup" is-config="true" duration-ms="11659" started-at="2023-06-05T11:25:32Z" finished-at="2023-06-05T11:25:44Z">
          <reporter-output>
          </reporter-output>
        </test-method> <!-- setup -->
        <test-method status="PASS" signature="loginPageTitleTest()[pri:1, instance:com.crm.qa.testcases.LoginPageTest@14bf9759]" name="loginPageTitleTest" duration-ms="21" started-at="2023-06-05T11:25:44Z" finished-at="2023-06-05T11:25:44Z">
          <reporter-output>
          </reporter-output>
        </test-method> <!-- loginPageTitleTest -->
        <test-method status="PASS" signature="tearDown()[pri:0, instance:com.crm.qa.testcases.LoginPageTest@14bf9759]" name="tearDown" is-config="true" duration-ms="745" started-at="2023-06-05T11:25:44Z" finished-at="2023-06-05T11:25:44Z">
          <reporter-output>
          </reporter-output>
        </test-method> <!-- tearDown -->
        <test-method status="PASS" signature="setup()[pri:0, instance:com.crm.qa.testcases.LoginPageTest@14bf9759]" name="setup" is-config="true" duration-ms="11493" started-at="2023-06-05T11:26:17Z" finished-at="2023-06-05T11:26:29Z">
          <reporter-output>
          </reporter-output>
        </test-method> <!-- setup -->
        <test-method status="PASS" signature="LogoTest()[pri:2, instance:com.crm.qa.testcases.LoginPageTest@14bf9759]" name="LogoTest" duration-ms="255" started-at="2023-06-05T11:26:29Z" finished-at="2023-06-05T11:26:29Z">
          <reporter-output>
          </reporter-output>
        </test-method> <!-- LogoTest -->
        <test-method status="PASS" signature="tearDown()[pri:0, instance:com.crm.qa.testcases.LoginPageTest@14bf9759]" name="tearDown" is-config="true" duration-ms="802" started-at="2023-06-05T11:26:29Z" finished-at="2023-06-05T11:26:30Z">
          <reporter-output>
          </reporter-output>
        </test-method> <!-- tearDown -->
        <test-method status="PASS" signature="setup()[pri:0, instance:com.crm.qa.testcases.LoginPageTest@14bf9759]" name="setup" is-config="true" duration-ms="9349" started-at="2023-06-05T11:27:02Z" finished-at="2023-06-05T11:27:11Z">
          <reporter-output>
          </reporter-output>
        </test-method> <!-- setup -->
        <test-method status="PASS" signature="LoginLinkTest()[pri:3, instance:com.crm.qa.testcases.LoginPageTest@14bf9759]" name="LoginLinkTest" duration-ms="1302" started-at="2023-06-05T11:27:11Z" finished-at="2023-06-05T11:27:12Z">
          <reporter-output>
          </reporter-output>
        </test-method> <!-- LoginLinkTest -->
        <test-method status="PASS" signature="tearDown()[pri:0, instance:com.crm.qa.testcases.LoginPageTest@14bf9759]" name="tearDown" is-config="true" duration-ms="876" started-at="2023-06-05T11:27:12Z" finished-at="2023-06-05T11:27:13Z">
          <reporter-output>
          </reporter-output>
        </test-method> <!-- tearDown -->
        <test-method status="PASS" signature="setup()[pri:0, instance:com.crm.qa.testcases.LoginPageTest@14bf9759]" name="setup" is-config="true" duration-ms="11292" started-at="2023-06-05T11:27:44Z" finished-at="2023-06-05T11:27:56Z">
          <reporter-output>
          </reporter-output>
        </test-method> <!-- setup -->
        <test-method status="PASS" signature="LoginTest()[pri:4, instance:com.crm.qa.testcases.LoginPageTest@14bf9759]" name="LoginTest" duration-ms="4789" started-at="2023-06-05T11:27:56Z" finished-at="2023-06-05T11:28:01Z">
          <reporter-output>
          </reporter-output>
        </test-method> <!-- LoginTest -->
        <test-method status="PASS" signature="tearDown()[pri:0, instance:com.crm.qa.testcases.LoginPageTest@14bf9759]" name="tearDown" is-config="true" duration-ms="871" started-at="2023-06-05T11:28:01Z" finished-at="2023-06-05T11:28:01Z">
          <reporter-output>
          </reporter-output>
        </test-method> <!-- tearDown -->
      </class> <!-- com.crm.qa.testcases.LoginPageTest -->
      <class name="com.crm.qa.testcases.EditAccountPageTest">
        <test-method status="PASS" signature="setup()[pri:0, instance:com.crm.qa.testcases.EditAccountPageTest@553f17c]" name="setup" is-config="true" duration-ms="18302" started-at="2023-06-05T11:25:13Z" finished-at="2023-06-05T11:25:31Z">
          <reporter-output>
          </reporter-output>
        </test-method> <!-- setup -->
        <test-method status="PASS" signature="EditAccountPageTitleTest()[pri:0, instance:com.crm.qa.testcases.EditAccountPageTest@553f17c]" name="EditAccountPageTitleTest" duration-ms="19" started-at="2023-06-05T11:25:31Z" finished-at="2023-06-05T11:25:31Z">
          <reporter-output>
          </reporter-output>
        </test-method> <!-- EditAccountPageTitleTest -->
        <test-method status="PASS" signature="tearDown()[pri:0, instance:com.crm.qa.testcases.EditAccountPageTest@553f17c]" name="tearDown" is-config="true" duration-ms="777" started-at="2023-06-05T11:25:31Z" finished-at="2023-06-05T11:25:32Z">
          <reporter-output>
          </reporter-output>
        </test-method> <!-- tearDown -->
        <test-method status="PASS" signature="setup()[pri:0, instance:com.crm.qa.testcases.EditAccountPageTest@553f17c]" name="setup" is-config="true" duration-ms="16058" started-at="2023-06-05T11:26:00Z" finished-at="2023-06-05T11:26:16Z">
          <reporter-output>
          </reporter-output>
        </test-method> <!-- setup -->
        <test-method status="PASS" signature="validateEditAccountPageTest()[pri:1, instance:com.crm.qa.testcases.EditAccountPageTest@553f17c]" name="validateEditAccountPageTest" duration-ms="260" started-at="2023-06-05T11:26:16Z" finished-at="2023-06-05T11:26:17Z">
          <reporter-output>
          </reporter-output>
        </test-method> <!-- validateEditAccountPageTest -->
        <test-method status="PASS" signature="tearDown()[pri:0, instance:com.crm.qa.testcases.EditAccountPageTest@553f17c]" name="tearDown" is-config="true" duration-ms="826" started-at="2023-06-05T11:26:17Z" finished-at="2023-06-05T11:26:17Z">
          <reporter-output>
          </reporter-output>
        </test-method> <!-- tearDown -->
        <test-method status="PASS" signature="setup()[pri:0, instance:com.crm.qa.testcases.EditAccountPageTest@553f17c]" name="setup" is-config="true" duration-ms="16015" started-at="2023-06-05T11:26:45Z" finished-at="2023-06-05T11:27:01Z">
          <reporter-output>
          </reporter-output>
        </test-method> <!-- setup -->
        <test-method status="PASS" signature="validateFirstNameTest()[pri:2, instance:com.crm.qa.testcases.EditAccountPageTest@553f17c]" name="validateFirstNameTest" duration-ms="154" started-at="2023-06-05T11:27:01Z" finished-at="2023-06-05T11:27:01Z">
          <reporter-output>
          </reporter-output>
        </test-method> <!-- validateFirstNameTest -->
        <test-method status="PASS" signature="tearDown()[pri:0, instance:com.crm.qa.testcases.EditAccountPageTest@553f17c]" name="tearDown" is-config="true" duration-ms="810" started-at="2023-06-05T11:27:01Z" finished-at="2023-06-05T11:27:02Z">
          <reporter-output>
          </reporter-output>
        </test-method> <!-- tearDown -->
        <test-method status="PASS" signature="setup()[pri:0, instance:com.crm.qa.testcases.EditAccountPageTest@553f17c]" name="setup" is-config="true" duration-ms="14364" started-at="2023-06-05T11:27:29Z" finished-at="2023-06-05T11:27:43Z">
          <reporter-output>
          </reporter-output>
        </test-method> <!-- setup -->
        <test-method status="PASS" signature="validateLastNameTest()[pri:3, instance:com.crm.qa.testcases.EditAccountPageTest@553f17c]" name="validateLastNameTest" duration-ms="186" started-at="2023-06-05T11:27:43Z" finished-at="2023-06-05T11:27:43Z">
          <reporter-output>
          </reporter-output>
        </test-method> <!-- validateLastNameTest -->
        <test-method status="PASS" signature="tearDown()[pri:0, instance:com.crm.qa.testcases.EditAccountPageTest@553f17c]" name="tearDown" is-config="true" duration-ms="960" started-at="2023-06-05T11:27:43Z" finished-at="2023-06-05T11:27:44Z">
          <reporter-output>
          </reporter-output>
        </test-method> <!-- tearDown -->
        <test-method status="PASS" signature="setup()[pri:0, instance:com.crm.qa.testcases.EditAccountPageTest@553f17c]" name="setup" is-config="true" duration-ms="15170" started-at="2023-06-05T11:28:01Z" finished-at="2023-06-05T11:28:17Z">
          <reporter-output>
          </reporter-output>
        </test-method> <!-- setup -->
        <test-method status="PASS" signature="vvalidateEMailTest()[pri:4, instance:com.crm.qa.testcases.EditAccountPageTest@553f17c]" name="vvalidateEMailTest" duration-ms="129" started-at="2023-06-05T11:28:17Z" finished-at="2023-06-05T11:28:17Z">
          <reporter-output>
          </reporter-output>
        </test-method> <!-- vvalidateEMailTest -->
        <test-method status="PASS" signature="tearDown()[pri:0, instance:com.crm.qa.testcases.EditAccountPageTest@553f17c]" name="tearDown" is-config="true" duration-ms="830" started-at="2023-06-05T11:28:17Z" finished-at="2023-06-05T11:28:18Z">
          <reporter-output>
          </reporter-output>
        </test-method> <!-- tearDown -->
        <test-method status="PASS" signature="setup()[pri:0, instance:com.crm.qa.testcases.EditAccountPageTest@553f17c]" name="setup" is-config="true" duration-ms="16375" started-at="2023-06-05T11:28:18Z" finished-at="2023-06-05T11:28:34Z">
          <reporter-output>
          </reporter-output>
        </test-method> <!-- setup -->
        <test-method status="PASS" signature="validateTelephoneTest()[pri:5, instance:com.crm.qa.testcases.EditAccountPageTest@553f17c]" name="validateTelephoneTest" duration-ms="128" started-at="2023-06-05T11:28:34Z" finished-at="2023-06-05T11:28:34Z">
          <reporter-output>
          </reporter-output>
        </test-method> <!-- validateTelephoneTest -->
        <test-method status="PASS" signature="tearDown()[pri:0, instance:com.crm.qa.testcases.EditAccountPageTest@553f17c]" name="tearDown" is-config="true" duration-ms="1191" started-at="2023-06-05T11:28:34Z" finished-at="2023-06-05T11:28:35Z">
          <reporter-output>
          </reporter-output>
        </test-method> <!-- tearDown -->
        <test-method status="PASS" signature="setup()[pri:0, instance:com.crm.qa.testcases.EditAccountPageTest@553f17c]" name="setup" is-config="true" duration-ms="18173" started-at="2023-06-05T11:28:35Z" finished-at="2023-06-05T11:28:53Z">
          <reporter-output>
          </reporter-output>
        </test-method> <!-- setup -->
        <test-method status="PASS" signature="validateclickBackBtnTest()[pri:6, instance:com.crm.qa.testcases.EditAccountPageTest@553f17c]" name="validateclickBackBtnTest" duration-ms="834" started-at="2023-06-05T11:28:53Z" finished-at="2023-06-05T11:28:54Z">
          <reporter-output>
          </reporter-output>
        </test-method> <!-- validateclickBackBtnTest -->
        <test-method status="PASS" signature="tearDown()[pri:0, instance:com.crm.qa.testcases.EditAccountPageTest@553f17c]" name="tearDown" is-config="true" duration-ms="888" started-at="2023-06-05T11:28:54Z" finished-at="2023-06-05T11:28:55Z">
          <reporter-output>
          </reporter-output>
        </test-method> <!-- tearDown -->
        <test-method status="PASS" signature="setup()[pri:0, instance:com.crm.qa.testcases.EditAccountPageTest@553f17c]" name="setup" is-config="true" duration-ms="15887" started-at="2023-06-05T11:28:55Z" finished-at="2023-06-05T11:29:11Z">
          <reporter-output>
          </reporter-output>
        </test-method> <!-- setup -->
        <test-method status="PASS" signature="validateclickContinueBtnTest()[pri:7, instance:com.crm.qa.testcases.EditAccountPageTest@553f17c]" name="validateclickContinueBtnTest" duration-ms="1251" started-at="2023-06-05T11:29:11Z" finished-at="2023-06-05T11:29:12Z">
          <reporter-output>
          </reporter-output>
        </test-method> <!-- validateclickContinueBtnTest -->
        <test-method status="PASS" signature="tearDown()[pri:0, instance:com.crm.qa.testcases.EditAccountPageTest@553f17c]" name="tearDown" is-config="true" duration-ms="1246" started-at="2023-06-05T11:29:12Z" finished-at="2023-06-05T11:29:14Z">
          <reporter-output>
          </reporter-output>
        </test-method> <!-- tearDown -->
      </class> <!-- com.crm.qa.testcases.EditAccountPageTest -->
      <class name="com.crm.qa.testcases.HomepageTest">
        <test-method status="PASS" signature="setup()[pri:0, instance:com.crm.qa.testcases.HomepageTest@5f341870]" name="setup" is-config="true" duration-ms="17315" started-at="2023-06-05T11:24:55Z" finished-at="2023-06-05T11:25:12Z">
          <reporter-output>
          </reporter-output>
        </test-method> <!-- setup -->
        <test-method status="PASS" signature="HomepageTitleTest()[pri:0, instance:com.crm.qa.testcases.HomepageTest@5f341870]" name="HomepageTitleTest" duration-ms="38" started-at="2023-06-05T11:25:12Z" finished-at="2023-06-05T11:25:12Z">
          <reporter-output>
          </reporter-output>
        </test-method> <!-- HomepageTitleTest -->
        <test-method status="PASS" signature="tearDown()[pri:0, instance:com.crm.qa.testcases.HomepageTest@5f341870]" name="tearDown" is-config="true" duration-ms="840" started-at="2023-06-05T11:25:12Z" finished-at="2023-06-05T11:25:13Z">
          <reporter-output>
          </reporter-output>
        </test-method> <!-- tearDown -->
        <test-method status="PASS" signature="setup()[pri:0, instance:com.crm.qa.testcases.HomepageTest@5f341870]" name="setup" is-config="true" duration-ms="14955" started-at="2023-06-05T11:25:44Z" finished-at="2023-06-05T11:25:59Z">
          <reporter-output>
          </reporter-output>
        </test-method> <!-- setup -->
        <test-method status="PASS" signature="validateHomepageLogoTest()[pri:1, instance:com.crm.qa.testcases.HomepageTest@5f341870]" name="validateHomepageLogoTest" duration-ms="246" started-at="2023-06-05T11:25:59Z" finished-at="2023-06-05T11:26:00Z">
          <reporter-output>
          </reporter-output>
        </test-method> <!-- validateHomepageLogoTest -->
        <test-method status="PASS" signature="tearDown()[pri:0, instance:com.crm.qa.testcases.HomepageTest@5f341870]" name="tearDown" is-config="true" duration-ms="810" started-at="2023-06-05T11:26:00Z" finished-at="2023-06-05T11:26:00Z">
          <reporter-output>
          </reporter-output>
        </test-method> <!-- tearDown -->
        <test-method status="PASS" signature="setup()[pri:0, instance:com.crm.qa.testcases.HomepageTest@5f341870]" name="setup" is-config="true" duration-ms="12611" started-at="2023-06-05T11:26:30Z" finished-at="2023-06-05T11:26:43Z">
          <reporter-output>
          </reporter-output>
        </test-method> <!-- setup -->
        <test-method status="PASS" signature="EditAccountClickTest()[pri:2, instance:com.crm.qa.testcases.HomepageTest@5f341870]" name="EditAccountClickTest" duration-ms="1200" started-at="2023-06-05T11:26:43Z" finished-at="2023-06-05T11:26:44Z">
          <reporter-output>
          </reporter-output>
        </test-method> <!-- EditAccountClickTest -->
        <test-method status="PASS" signature="tearDown()[pri:0, instance:com.crm.qa.testcases.HomepageTest@5f341870]" name="tearDown" is-config="true" duration-ms="876" started-at="2023-06-05T11:26:44Z" finished-at="2023-06-05T11:26:45Z">
          <reporter-output>
          </reporter-output>
        </test-method> <!-- tearDown -->
        <test-method status="PASS" signature="setup()[pri:0, instance:com.crm.qa.testcases.HomepageTest@5f341870]" name="setup" is-config="true" duration-ms="13971" started-at="2023-06-05T11:27:13Z" finished-at="2023-06-05T11:27:27Z">
          <reporter-output>
          </reporter-output>
        </test-method> <!-- setup -->
        <test-method status="PASS" signature="homepageTest()[pri:3, instance:com.crm.qa.testcases.HomepageTest@5f341870]" name="homepageTest" duration-ms="917" started-at="2023-06-05T11:27:27Z" finished-at="2023-06-05T11:27:28Z">
          <reporter-output>
          </reporter-output>
        </test-method> <!-- homepageTest -->
        <test-method status="PASS" signature="tearDown()[pri:0, instance:com.crm.qa.testcases.HomepageTest@5f341870]" name="tearDown" is-config="true" duration-ms="824" started-at="2023-06-05T11:27:28Z" finished-at="2023-06-05T11:27:29Z">
          <reporter-output>
          </reporter-output>
        </test-method> <!-- tearDown -->
      </class> <!-- com.crm.qa.testcases.HomepageTest -->
    </test> <!-- OpenKart Application Test -->
  </suite> <!-- Free OpenKart Application Automation Test -->
</testng-results>
